<!DOCTYPE html PUBLIC "-//W3C//DTD XHTML 1.1//EN" "https://www.w3.org/TR/xhtml11/DTD/xhtml11.dtd">
<html xmlns="https://www.w3.org/1999/xhtml">
<head>
<meta http-equiv="content-type" content="text/html; charset=UTF-8"/>
<title>TestNG Report</title>
<style type="text/css">table {margin-bottom:10px;border-collapse:collapse;empty-cells:show}th,td {border:1px solid #009;padding:.25em .5em}th {vertical-align:bottom}td {vertical-align:top}table a {font-weight:bold}.stripe td {background-color: #E6EBF9}.num {text-align:right}.passedodd td {background-color: #3F3}.passedeven td {background-color: #0A0}.skippedodd td {background-color: #DDD}.skippedeven td {background-color: #CCC}.failedodd td,.attn {background-color: #F33}.failedeven td,.stripe .attn {background-color: #D00}.stacktrace {white-space:pre;font-family:monospace}.totop {font-size:85%;text-align:center;border-bottom:2px solid #000}.invisible {display:none}</style>
</head>
<body>
<table>
<tr><th>Test</th><th># Passed</th><th># Skipped</th><th># Retried</th><th># Failed</th><th>Time (ms)</th><th>Included Groups</th><th>Excluded Groups</th></tr>
<tr><th colspan="8">Amazon Regression Test Suite</th></tr>
<tr><td><a href="#t0">Amazon Regression Test_LandingPage_Chrome</a></td><td class="num">6</td><td class="num attn">1</td><td class="num">0</td><td class="num">0</td><td class="num">61,568</td><td></td><td></td></tr>
<tr class="stripe"><td><a href="#t1">Amazon Regression Test_LandingPage_Edge</a></td><td class="num">5</td><td class="num">0</td><td class="num">0</td><td class="num">0</td><td class="num">65,887</td><td></td><td></td></tr>
<tr><th>Total</th><th class="num">11</th><th class="num attn">1</th><th class="num">0</th><th class="num">0</th><th class="num">127,455</th><th colspan="2"></th></tr>
</table>
<table id='summary'><thead><tr><th>Class</th><th>Method</th><th>Start</th><th>Time (ms)</th></tr></thead><tbody><tr><th colspan="4">Amazon Regression Test Suite</th></tr></tbody><tbody id="t0"><tr><th colspan="4">Amazon Regression Test_LandingPage_Chrome &#8212; failed (configuration methods)</th></tr><tr class="failedeven"><td rowspan="1">com.qa.amazon.tests.SignInPageTest</td><td><a href="#m0">setup</a></td><td rowspan="1">1715668876028</td><td rowspan="1">4161</td></tr><tr><th colspan="4">Amazon Regression Test_LandingPage_Chrome &#8212; skipped (configuration methods)</th></tr><tr class="skippedeven"><td rowspan="1">com.qa.amazon.tests.SignInPageTest</td><td><a href="#m1">teardown</a></td><td rowspan="1">1715668880331</td><td rowspan="1">0</td></tr><tr><th colspan="4">Amazon Regression Test_LandingPage_Chrome &#8212; skipped</th></tr><tr class="skippedeven"><td rowspan="1">com.qa.amazon.tests.SignInPageTest</td><td><a href="#m2">isSignInLogoDisplayedTest</a></td><td rowspan="1">1715668880284</td><td rowspan="1">0</td></tr><tr><th colspan="4">Amazon Regression Test_LandingPage_Chrome &#8212; passed</th></tr><tr class="passedeven"><td rowspan="2">com.qa.amazon.tests.HomePageTest</td><td><a href="#m3">IsHomePageSearchBoxEnablededTest</a></td><td rowspan="1">1715668885309</td><td rowspan="1">494</td></tr><tr class="passedeven"><td><a href="#m4">IsHomePageSearchIconEnablededTest</a></td><td rowspan="1">1715668893962</td><td rowspan="1">543</td></tr><tr class="passedodd"><td rowspan="4">com.qa.amazon.tests.LandingPageTest</td><td><a href="#m5">getLandingPageTitleTest</a></td><td rowspan="1">1715668850718</td><td rowspan="1">265</td></tr><tr class="passedodd"><td><a href="#m6">getLandingPageURLTest</a></td><td rowspan="1">1715668858332</td><td rowspan="1">241</td></tr><tr class="passedodd"><td><a href="#m7">verifyHelloSignInText</a></td><td rowspan="1">1715668866481</td><td rowspan="1">563</td></tr><tr class="passedodd"><td><a href="#m8">verifySignInBtnTest</a></td><td rowspan="1">1715668874906</td><td rowspan="1">549</td></tr></tbody>
<tbody id="t1"><tr><th colspan="4">Amazon Regression Test_LandingPage_Edge &#8212; passed</th></tr><tr class="passedeven"><td rowspan="4">com.qa.amazon.tests.LandingPageTest</td><td><a href="#m9">getLandingPageTitleTest</a></td><td rowspan="1">1715668918063</td><td rowspan="1">515</td></tr><tr class="passedeven"><td><a href="#m10">getLandingPageURLTest</a></td><td rowspan="1">1715668929104</td><td rowspan="1">393</td></tr><tr class="passedeven"><td><a href="#m11">verifyHelloSignInText</a></td><td rowspan="1">1715668940210</td><td rowspan="1">569</td></tr><tr class="passedeven"><td><a href="#m12">verifySignInBtnTest</a></td><td rowspan="1">1715668949947</td><td rowspan="1">960</td></tr><tr class="passedodd"><td rowspan="1">com.qa.amazon.tests.SignInPageTest</td><td><a href="#m13">isSignInLogoDisplayedTest</a></td><td rowspan="1">1715668961359</td><td rowspan="1">205</td></tr></tbody>
</table>
<h2>Amazon Regression Test_LandingPage_Chrome</h2><h3 id="m0">com.qa.amazon.tests.SignInPageTest#setup</h3><table class="result"><tr class="param"><th>Parameter #1</th></tr><tr class="param stripe"><td>chrome</td></tr><tr><th>Exception</th></tr><tr><td><div class="stacktrace">java.lang.IllegalArgumentException: Element must be set
	at org.openqa.selenium.internal.Require.nonNull(Require.java:60)
	at org.openqa.selenium.interactions.PointerInput$Origin.fromElement(PointerInput.java:277)
	at org.openqa.selenium.interactions.Actions.moveInTicks(Actions.java:345)
	at org.openqa.selenium.interactions.Actions.moveToElement(Actions.java:324)
	at com.qa.amazon.utils.ElementActions.hoverOverElement(ElementActions.java:143)
	at com.qa.amazon.pages.LandingPage.clickOnSignInBtn(LandingPage.java:85)
	at com.qa.amazon.tests.SignInPageTest.setup(SignInPageTest.java:37)
	at java.base/jdk.internal.reflect.NativeMethodAccessorImpl.invoke0(Native Method)
	at java.base/jdk.internal.reflect.NativeMethodAccessorImpl.invoke(NativeMethodAccessorImpl.java:62)
	at java.base/jdk.internal.reflect.DelegatingMethodAccessorImpl.invoke(DelegatingMethodAccessorImpl.java:43)
	at java.base/java.lang.reflect.Method.invoke(Method.java:566)
	at org.testng.internal.invokers.MethodInvocationHelper.invokeMethod(MethodInvocationHelper.java:141)
	at org.testng.internal.invokers.MethodInvocationHelper.invokeMethodConsideringTimeout(MethodInvocationHelper.java:71)
	at org.testng.internal.invokers.ConfigInvoker.invokeConfigurationMethod(ConfigInvoker.java:400)
	at org.testng.internal.invokers.ConfigInvoker.invokeConfigurations(ConfigInvoker.java:333)
	at org.testng.internal.invokers.TestInvoker.runConfigMethods(TestInvoker.java:833)
	at org.testng.internal.invokers.TestInvoker.invokeMethod(TestInvoker.java:600)
	at org.testng.internal.invokers.TestInvoker.invokeTestMethod(TestInvoker.java:230)
	at org.testng.internal.invokers.MethodRunner.runInSequence(MethodRunner.java:63)
	at org.testng.internal.invokers.TestInvoker$MethodInvocationAgent.invoke(TestInvoker.java:992)
	at org.testng.internal.invokers.TestInvoker.invokeTestMethods(TestInvoker.java:203)
	at org.testng.internal.invokers.TestMethodWorker.invokeTestMethods(TestMethodWorker.java:154)
	at org.testng.internal.invokers.TestMethodWorker.run(TestMethodWorker.java:134)
	at java.base/java.util.ArrayList.forEach(ArrayList.java:1541)
	at org.testng.TestRunner.privateRun(TestRunner.java:739)
	at org.testng.TestRunner.run(TestRunner.java:614)
	at org.testng.SuiteRunner.runTest(SuiteRunner.java:421)
	at org.testng.SuiteRunner.runSequentially(SuiteRunner.java:413)
	at org.testng.SuiteRunner.privateRun(SuiteRunner.java:373)
	at org.testng.SuiteRunner.run(SuiteRunner.java:312)
	at org.testng.SuiteRunnerWorker.runSuite(SuiteRunnerWorker.java:52)
	at org.testng.SuiteRunnerWorker.run(SuiteRunnerWorker.java:95)
	at org.testng.TestNG.runSuitesSequentially(TestNG.java:1274)
	at org.testng.TestNG.runSuitesLocally(TestNG.java:1208)
	at org.testng.TestNG.runSuites(TestNG.java:1112)
	at org.testng.TestNG.run(TestNG.java:1079)
	at org.testng.remote.AbstractRemoteTestNG.run(AbstractRemoteTestNG.java:115)
	at org.testng.remote.RemoteTestNG.initAndRun(RemoteTestNG.java:293)
	at org.testng.remote.RemoteTestNG.main(RemoteTestNG.java:91)
</div></td></tr></table><p class="totop"><a href="#summary">back to summary</a></p>
<h3 id="m1">com.qa.amazon.tests.SignInPageTest#teardown</h3><table class="result"><tr><th class="invisible"/></tr></table><p class="totop"><a href="#summary">back to summary</a></p>
<h3 id="m2">com.qa.amazon.tests.SignInPageTest#isSignInLogoDisplayedTest</h3><table class="result"><tr><th>Exception</th></tr><tr><td><div class="stacktrace">java.lang.IllegalArgumentException: Element must be set
	at org.openqa.selenium.internal.Require.nonNull(Require.java:60)
	at org.openqa.selenium.interactions.PointerInput$Origin.fromElement(PointerInput.java:277)
	at org.openqa.selenium.interactions.Actions.moveInTicks(Actions.java:345)
	at org.openqa.selenium.interactions.Actions.moveToElement(Actions.java:324)
	at com.qa.amazon.utils.ElementActions.hoverOverElement(ElementActions.java:143)
	at com.qa.amazon.pages.LandingPage.clickOnSignInBtn(LandingPage.java:85)
	at com.qa.amazon.tests.SignInPageTest.setup(SignInPageTest.java:37)
	at java.base/jdk.internal.reflect.NativeMethodAccessorImpl.invoke0(Native Method)
	at java.base/jdk.internal.reflect.NativeMethodAccessorImpl.invoke(NativeMethodAccessorImpl.java:62)
	at java.base/jdk.internal.reflect.DelegatingMethodAccessorImpl.invoke(DelegatingMethodAccessorImpl.java:43)
	at java.base/java.lang.reflect.Method.invoke(Method.java:566)
	at org.testng.internal.invokers.MethodInvocationHelper.invokeMethod(MethodInvocationHelper.java:141)
	at org.testng.internal.invokers.MethodInvocationHelper.invokeMethodConsideringTimeout(MethodInvocationHelper.java:71)
	at org.testng.internal.invokers.ConfigInvoker.invokeConfigurationMethod(ConfigInvoker.java:400)
	at org.testng.internal.invokers.ConfigInvoker.invokeConfigurations(ConfigInvoker.java:333)
	at org.testng.internal.invokers.TestInvoker.runConfigMethods(TestInvoker.java:833)
	at org.testng.internal.invokers.TestInvoker.invokeMethod(TestInvoker.java:600)
	at org.testng.internal.invokers.TestInvoker.invokeTestMethod(TestInvoker.java:230)
	at org.testng.internal.invokers.MethodRunner.runInSequence(MethodRunner.java:63)
	at org.testng.internal.invokers.TestInvoker$MethodInvocationAgent.invoke(TestInvoker.java:992)
	at org.testng.internal.invokers.TestInvoker.invokeTestMethods(TestInvoker.java:203)
	at org.testng.internal.invokers.TestMethodWorker.invokeTestMethods(TestMethodWorker.java:154)
	at org.testng.internal.invokers.TestMethodWorker.run(TestMethodWorker.java:134)
	at java.base/java.util.ArrayList.forEach(ArrayList.java:1541)
	at org.testng.TestRunner.privateRun(TestRunner.java:739)
	at org.testng.TestRunner.run(TestRunner.java:614)
	at org.testng.SuiteRunner.runTest(SuiteRunner.java:421)
	at org.testng.SuiteRunner.runSequentially(SuiteRunner.java:413)
	at org.testng.SuiteRunner.privateRun(SuiteRunner.java:373)
	at org.testng.SuiteRunner.run(SuiteRunner.java:312)
	at org.testng.SuiteRunnerWorker.runSuite(SuiteRunnerWorker.java:52)
	at org.testng.SuiteRunnerWorker.run(SuiteRunnerWorker.java:95)
	at org.testng.TestNG.runSuitesSequentially(TestNG.java:1274)
	at org.testng.TestNG.runSuitesLocally(TestNG.java:1208)
	at org.testng.TestNG.runSuites(TestNG.java:1112)
	at org.testng.TestNG.run(TestNG.java:1079)
	at org.testng.remote.AbstractRemoteTestNG.run(AbstractRemoteTestNG.java:115)
	at org.testng.remote.RemoteTestNG.initAndRun(RemoteTestNG.java:293)
	at org.testng.remote.RemoteTestNG.main(RemoteTestNG.java:91)
</div></td></tr></table><p class="totop"><a href="#summary">back to summary</a></p>
<h3 id="m3">com.qa.amazon.tests.HomePageTest#IsHomePageSearchBoxEnablededTest</h3><table class="result"><tr><th class="invisible"/></tr></table><p class="totop"><a href="#summary">back to summary</a></p>
<h3 id="m4">com.qa.amazon.tests.HomePageTest#IsHomePageSearchIconEnablededTest</h3><table class="result"><tr><th class="invisible"/></tr></table><p class="totop"><a href="#summary">back to summary</a></p>
<h3 id="m5">com.qa.amazon.tests.LandingPageTest#getLandingPageTitleTest</h3><table class="result"><tr><th class="invisible"/></tr></table><p class="totop"><a href="#summary">back to summary</a></p>
<h3 id="m6">com.qa.amazon.tests.LandingPageTest#getLandingPageURLTest</h3><table class="result"><tr><th class="invisible"/></tr></table><p class="totop"><a href="#summary">back to summary</a></p>
<h3 id="m7">com.qa.amazon.tests.LandingPageTest#verifyHelloSignInText</h3><table class="result"><tr><th class="invisible"/></tr></table><p class="totop"><a href="#summary">back to summary</a></p>
<h3 id="m8">com.qa.amazon.tests.LandingPageTest#verifySignInBtnTest</h3><table class="result"><tr><th class="invisible"/></tr></table><p class="totop"><a href="#summary">back to summary</a></p>
<h2>Amazon Regression Test_LandingPage_Edge</h2><h3 id="m9">com.qa.amazon.tests.LandingPageTest#getLandingPageTitleTest</h3><table class="result"><tr><th class="invisible"/></tr></table><p class="totop"><a href="#summary">back to summary</a></p>
<h3 id="m10">com.qa.amazon.tests.LandingPageTest#getLandingPageURLTest</h3><table class="result"><tr><th class="invisible"/></tr></table><p class="totop"><a href="#summary">back to summary</a></p>
<h3 id="m11">com.qa.amazon.tests.LandingPageTest#verifyHelloSignInText</h3><table class="result"><tr><th class="invisible"/></tr></table><p class="totop"><a href="#summary">back to summary</a></p>
<h3 id="m12">com.qa.amazon.tests.LandingPageTest#verifySignInBtnTest</h3><table class="result"><tr><th class="invisible"/></tr></table><p class="totop"><a href="#summary">back to summary</a></p>
<h3 id="m13">com.qa.amazon.tests.SignInPageTest#isSignInLogoDisplayedTest</h3><table class="result"><tr><th class="invisible"/></tr></table><p class="totop"><a href="#summary">back to summary</a></p>
</body>
</html>
