<?xml version="1.0" encoding="UTF-8"?>
<testng-results ignored="0" total="12" passed="11" failed="0" skipped="1">
  <reporter-output>
  </reporter-output>
  <suite started-at="2024-05-14T12:10:34 IST" name="Amazon Regression Test Suite" finished-at="2024-05-14T12:12:43 IST" duration-ms="129233">
    <groups>
    </groups>
    <test started-at="2024-05-14T12:10:34 IST" name="Amazon Regression Test_LandingPage_Chrome" finished-at="2024-05-14T12:11:35 IST" duration-ms="61568">
      <class name="com.qa.amazon.tests.HomePageTest">
        <test-method is-config="true" signature="setup(java.lang.String)[pri:0, instance:com.qa.amazon.tests.HomePageTest@65fe2691]" started-at="2024-05-14T12:11:20 IST" name="setup" finished-at="2024-05-14T12:11:25 IST" duration-ms="4957" status="PASS">
          <params>
            <param index="0">
              <value>
                <![CDATA[chrome]]>
              </value>
            </param>
          </params>
          <reporter-output>
          </reporter-output>
        </test-method> <!-- setup -->
        <test-method signature="IsHomePageSearchBoxEnablededTest()[pri:0, instance:com.qa.amazon.tests.HomePageTest@65fe2691]" started-at="2024-05-14T12:11:25 IST" name="IsHomePageSearchBoxEnablededTest" finished-at="2024-05-14T12:11:25 IST" duration-ms="494" status="PASS">
          <reporter-output>
          </reporter-output>
        </test-method> <!-- IsHomePageSearchBoxEnablededTest -->
        <test-method is-config="true" signature="teardown()[pri:0, instance:com.qa.amazon.tests.HomePageTest@65fe2691]" started-at="2024-05-14T12:11:25 IST" name="teardown" finished-at="2024-05-14T12:11:27 IST" duration-ms="1926" status="PASS">
          <reporter-output>
          </reporter-output>
        </test-method> <!-- teardown -->
        <test-method is-config="true" signature="setup(java.lang.String)[pri:0, instance:com.qa.amazon.tests.HomePageTest@65fe2691]" started-at="2024-05-14T12:11:27 IST" name="setup" finished-at="2024-05-14T12:11:33 IST" duration-ms="6193" status="PASS">
          <params>
            <param index="0">
              <value>
                <![CDATA[chrome]]>
              </value>
            </param>
          </params>
          <reporter-output>
          </reporter-output>
        </test-method> <!-- setup -->
        <test-method signature="IsHomePageSearchIconEnablededTest()[pri:0, instance:com.qa.amazon.tests.HomePageTest@65fe2691]" started-at="2024-05-14T12:11:33 IST" name="IsHomePageSearchIconEnablededTest" finished-at="2024-05-14T12:11:34 IST" duration-ms="543" status="PASS">
          <reporter-output>
          </reporter-output>
        </test-method> <!-- IsHomePageSearchIconEnablededTest -->
        <test-method is-config="true" signature="teardown()[pri:0, instance:com.qa.amazon.tests.HomePageTest@65fe2691]" started-at="2024-05-14T12:11:34 IST" name="teardown" finished-at="2024-05-14T12:11:35 IST" duration-ms="1101" status="PASS">
          <reporter-output>
          </reporter-output>
        </test-method> <!-- teardown -->
      </class> <!-- com.qa.amazon.tests.HomePageTest -->
      <class name="com.qa.amazon.tests.SignInPageTest">
        <test-method is-config="true" signature="setup(java.lang.String)[pri:0, instance:com.qa.amazon.tests.SignInPageTest@45adc393]" started-at="2024-05-14T12:11:16 IST" name="setup" finished-at="2024-05-14T12:11:20 IST" duration-ms="4161" status="FAIL">
          <params>
            <param index="0">
              <value>
                <![CDATA[chrome]]>
              </value>
            </param>
          </params>
          <exception class="java.lang.IllegalArgumentException">
            <message>
              <![CDATA[Element must be set]]>
            </message>
            <full-stacktrace>
              <![CDATA[java.lang.IllegalArgumentException: Element must be set
at org.openqa.selenium.internal.Require.nonNull(Require.java:60)
at org.openqa.selenium.interactions.PointerInput$Origin.fromElement(PointerInput.java:277)
at org.openqa.selenium.interactions.Actions.moveInTicks(Actions.java:345)
at org.openqa.selenium.interactions.Actions.moveToElement(Actions.java:324)
at com.qa.amazon.utils.ElementActions.hoverOverElement(ElementActions.java:143)
at com.qa.amazon.pages.LandingPage.clickOnSignInBtn(LandingPage.java:85)
at com.qa.amazon.tests.SignInPageTest.setup(SignInPageTest.java:37)
at java.base/jdk.internal.reflect.NativeMethodAccessorImpl.invoke0(Native Method)
at java.base/jdk.internal.reflect.NativeMethodAccessorImpl.invoke(NativeMethodAccessorImpl.java:62)
at java.base/jdk.internal.reflect.DelegatingMethodAccessorImpl.invoke(DelegatingMethodAccessorImpl.java:43)
at java.base/java.lang.reflect.Method.invoke(Method.java:566)
at org.testng.internal.invokers.MethodInvocationHelper.invokeMethod(MethodInvocationHelper.java:141)
at org.testng.internal.invokers.MethodInvocationHelper.invokeMethodConsideringTimeout(MethodInvocationHelper.java:71)
at org.testng.internal.invokers.ConfigInvoker.invokeConfigurationMethod(ConfigInvoker.java:400)
at org.testng.internal.invokers.ConfigInvoker.invokeConfigurations(ConfigInvoker.java:333)
at org.testng.internal.invokers.TestInvoker.runConfigMethods(TestInvoker.java:833)
at org.testng.internal.invokers.TestInvoker.invokeMethod(TestInvoker.java:600)
at org.testng.internal.invokers.TestInvoker.invokeTestMethod(TestInvoker.java:230)
at org.testng.internal.invokers.MethodRunner.runInSequence(MethodRunner.java:63)
at org.testng.internal.invokers.TestInvoker$MethodInvocationAgent.invoke(TestInvoker.java:992)
at org.testng.internal.invokers.TestInvoker.invokeTestMethods(TestInvoker.java:203)
at org.testng.internal.invokers.TestMethodWorker.invokeTestMethods(TestMethodWorker.java:154)
at org.testng.internal.invokers.TestMethodWorker.run(TestMethodWorker.java:134)
at java.base/java.util.ArrayList.forEach(ArrayList.java:1541)
at org.testng.TestRunner.privateRun(TestRunner.java:739)
at org.testng.TestRunner.run(TestRunner.java:614)
at org.testng.SuiteRunner.runTest(SuiteRunner.java:421)
at org.testng.SuiteRunner.runSequentially(SuiteRunner.java:413)
at org.testng.SuiteRunner.privateRun(SuiteRunner.java:373)
at org.testng.SuiteRunner.run(SuiteRunner.java:312)
at org.testng.SuiteRunnerWorker.runSuite(SuiteRunnerWorker.java:52)
at org.testng.SuiteRunnerWorker.run(SuiteRunnerWorker.java:95)
at org.testng.TestNG.runSuitesSequentially(TestNG.java:1274)
at org.testng.TestNG.runSuitesLocally(TestNG.java:1208)
at org.testng.TestNG.runSuites(TestNG.java:1112)
at org.testng.TestNG.run(TestNG.java:1079)
at org.testng.remote.AbstractRemoteTestNG.run(AbstractRemoteTestNG.java:115)
at org.testng.remote.RemoteTestNG.initAndRun(RemoteTestNG.java:293)
at org.testng.remote.RemoteTestNG.main(RemoteTestNG.java:91)
]]>
            </full-stacktrace>
          </exception> <!-- java.lang.IllegalArgumentException -->
          <reporter-output>
          </reporter-output>
        </test-method> <!-- setup -->
        <test-method signature="isSignInLogoDisplayedTest()[pri:0, instance:com.qa.amazon.tests.SignInPageTest@45adc393]" started-at="2024-05-14T12:11:20 IST" name="isSignInLogoDisplayedTest" finished-at="2024-05-14T12:11:20 IST" duration-ms="0" status="SKIP">
          <exception class="java.lang.IllegalArgumentException">
            <message>
              <![CDATA[Element must be set]]>
            </message>
            <full-stacktrace>
              <![CDATA[java.lang.IllegalArgumentException: Element must be set
at org.openqa.selenium.internal.Require.nonNull(Require.java:60)
at org.openqa.selenium.interactions.PointerInput$Origin.fromElement(PointerInput.java:277)
at org.openqa.selenium.interactions.Actions.moveInTicks(Actions.java:345)
at org.openqa.selenium.interactions.Actions.moveToElement(Actions.java:324)
at com.qa.amazon.utils.ElementActions.hoverOverElement(ElementActions.java:143)
at com.qa.amazon.pages.LandingPage.clickOnSignInBtn(LandingPage.java:85)
at com.qa.amazon.tests.SignInPageTest.setup(SignInPageTest.java:37)
at java.base/jdk.internal.reflect.NativeMethodAccessorImpl.invoke0(Native Method)
at java.base/jdk.internal.reflect.NativeMethodAccessorImpl.invoke(NativeMethodAccessorImpl.java:62)
at java.base/jdk.internal.reflect.DelegatingMethodAccessorImpl.invoke(DelegatingMethodAccessorImpl.java:43)
at java.base/java.lang.reflect.Method.invoke(Method.java:566)
at org.testng.internal.invokers.MethodInvocationHelper.invokeMethod(MethodInvocationHelper.java:141)
at org.testng.internal.invokers.MethodInvocationHelper.invokeMethodConsideringTimeout(MethodInvocationHelper.java:71)
at org.testng.internal.invokers.ConfigInvoker.invokeConfigurationMethod(ConfigInvoker.java:400)
at org.testng.internal.invokers.ConfigInvoker.invokeConfigurations(ConfigInvoker.java:333)
at org.testng.internal.invokers.TestInvoker.runConfigMethods(TestInvoker.java:833)
at org.testng.internal.invokers.TestInvoker.invokeMethod(TestInvoker.java:600)
at org.testng.internal.invokers.TestInvoker.invokeTestMethod(TestInvoker.java:230)
at org.testng.internal.invokers.MethodRunner.runInSequence(MethodRunner.java:63)
at org.testng.internal.invokers.TestInvoker$MethodInvocationAgent.invoke(TestInvoker.java:992)
at org.testng.internal.invokers.TestInvoker.invokeTestMethods(TestInvoker.java:203)
at org.testng.internal.invokers.TestMethodWorker.invokeTestMethods(TestMethodWorker.java:154)
at org.testng.internal.invokers.TestMethodWorker.run(TestMethodWorker.java:134)
at java.base/java.util.ArrayList.forEach(ArrayList.java:1541)
at org.testng.TestRunner.privateRun(TestRunner.java:739)
at org.testng.TestRunner.run(TestRunner.java:614)
at org.testng.SuiteRunner.runTest(SuiteRunner.java:421)
at org.testng.SuiteRunner.runSequentially(SuiteRunner.java:413)
at org.testng.SuiteRunner.privateRun(SuiteRunner.java:373)
at org.testng.SuiteRunner.run(SuiteRunner.java:312)
at org.testng.SuiteRunnerWorker.runSuite(SuiteRunnerWorker.java:52)
at org.testng.SuiteRunnerWorker.run(SuiteRunnerWorker.java:95)
at org.testng.TestNG.runSuitesSequentially(TestNG.java:1274)
at org.testng.TestNG.runSuitesLocally(TestNG.java:1208)
at org.testng.TestNG.runSuites(TestNG.java:1112)
at org.testng.TestNG.run(TestNG.java:1079)
at org.testng.remote.AbstractRemoteTestNG.run(AbstractRemoteTestNG.java:115)
at org.testng.remote.RemoteTestNG.initAndRun(RemoteTestNG.java:293)
at org.testng.remote.RemoteTestNG.main(RemoteTestNG.java:91)
]]>
            </full-stacktrace>
          </exception> <!-- java.lang.IllegalArgumentException -->
          <reporter-output>
          </reporter-output>
        </test-method> <!-- isSignInLogoDisplayedTest -->
        <test-method is-config="true" signature="teardown()[pri:0, instance:com.qa.amazon.tests.SignInPageTest@45adc393]" started-at="2024-05-14T12:11:20 IST" name="teardown" finished-at="2024-05-14T12:11:20 IST" duration-ms="0" status="SKIP">
          <reporter-output>
          </reporter-output>
        </test-method> <!-- teardown -->
      </class> <!-- com.qa.amazon.tests.SignInPageTest -->
      <class name="com.qa.amazon.tests.LandingPageTest">
        <test-method is-config="true" signature="setup(java.lang.String)[pri:0, instance:com.qa.amazon.tests.LandingPageTest@4b960b5b]" started-at="2024-05-14T12:10:34 IST" name="setup" finished-at="2024-05-14T12:10:50 IST" duration-ms="16058" status="PASS">
          <params>
            <param index="0">
              <value>
                <![CDATA[chrome]]>
              </value>
            </param>
          </params>
          <reporter-output>
          </reporter-output>
        </test-method> <!-- setup -->
        <test-method signature="getLandingPageTitleTest()[pri:0, instance:com.qa.amazon.tests.LandingPageTest@4b960b5b]" started-at="2024-05-14T12:10:50 IST" name="getLandingPageTitleTest" finished-at="2024-05-14T12:10:50 IST" duration-ms="265" status="PASS">
          <reporter-output>
          </reporter-output>
        </test-method> <!-- getLandingPageTitleTest -->
        <test-method is-config="true" signature="teardown()[pri:0, instance:com.qa.amazon.tests.LandingPageTest@4b960b5b]" started-at="2024-05-14T12:10:51 IST" name="teardown" finished-at="2024-05-14T12:10:52 IST" duration-ms="1078" status="PASS">
          <reporter-output>
          </reporter-output>
        </test-method> <!-- teardown -->
        <test-method is-config="true" signature="setup(java.lang.String)[pri:0, instance:com.qa.amazon.tests.LandingPageTest@4b960b5b]" started-at="2024-05-14T12:10:52 IST" name="setup" finished-at="2024-05-14T12:10:58 IST" duration-ms="6201" status="PASS">
          <params>
            <param index="0">
              <value>
                <![CDATA[chrome]]>
              </value>
            </param>
          </params>
          <reporter-output>
          </reporter-output>
        </test-method> <!-- setup -->
        <test-method signature="getLandingPageURLTest()[pri:0, instance:com.qa.amazon.tests.LandingPageTest@4b960b5b]" started-at="2024-05-14T12:10:58 IST" name="getLandingPageURLTest" finished-at="2024-05-14T12:10:58 IST" duration-ms="241" status="PASS">
          <reporter-output>
          </reporter-output>
        </test-method> <!-- getLandingPageURLTest -->
        <test-method is-config="true" signature="teardown()[pri:0, instance:com.qa.amazon.tests.LandingPageTest@4b960b5b]" started-at="2024-05-14T12:10:58 IST" name="teardown" finished-at="2024-05-14T12:11:01 IST" duration-ms="2500" status="PASS">
          <reporter-output>
          </reporter-output>
        </test-method> <!-- teardown -->
        <test-method is-config="true" signature="setup(java.lang.String)[pri:0, instance:com.qa.amazon.tests.LandingPageTest@4b960b5b]" started-at="2024-05-14T12:11:01 IST" name="setup" finished-at="2024-05-14T12:11:06 IST" duration-ms="5250" status="PASS">
          <params>
            <param index="0">
              <value>
                <![CDATA[chrome]]>
              </value>
            </param>
          </params>
          <reporter-output>
          </reporter-output>
        </test-method> <!-- setup -->
        <test-method signature="verifyHelloSignInText()[pri:0, instance:com.qa.amazon.tests.LandingPageTest@4b960b5b]" started-at="2024-05-14T12:11:06 IST" name="verifyHelloSignInText" finished-at="2024-05-14T12:11:07 IST" duration-ms="563" status="PASS">
          <reporter-output>
          </reporter-output>
        </test-method> <!-- verifyHelloSignInText -->
        <test-method is-config="true" signature="teardown()[pri:0, instance:com.qa.amazon.tests.LandingPageTest@4b960b5b]" started-at="2024-05-14T12:11:07 IST" name="teardown" finished-at="2024-05-14T12:11:09 IST" duration-ms="2443" status="PASS">
          <reporter-output>
          </reporter-output>
        </test-method> <!-- teardown -->
        <test-method is-config="true" signature="setup(java.lang.String)[pri:0, instance:com.qa.amazon.tests.LandingPageTest@4b960b5b]" started-at="2024-05-14T12:11:09 IST" name="setup" finished-at="2024-05-14T12:11:14 IST" duration-ms="5334" status="PASS">
          <params>
            <param index="0">
              <value>
                <![CDATA[chrome]]>
              </value>
            </param>
          </params>
          <reporter-output>
          </reporter-output>
        </test-method> <!-- setup -->
        <test-method signature="verifySignInBtnTest()[pri:0, instance:com.qa.amazon.tests.LandingPageTest@4b960b5b]" started-at="2024-05-14T12:11:14 IST" name="verifySignInBtnTest" finished-at="2024-05-14T12:11:15 IST" duration-ms="549" status="PASS">
          <reporter-output>
          </reporter-output>
        </test-method> <!-- verifySignInBtnTest -->
        <test-method is-config="true" signature="teardown()[pri:0, instance:com.qa.amazon.tests.LandingPageTest@4b960b5b]" started-at="2024-05-14T12:11:15 IST" name="teardown" finished-at="2024-05-14T12:11:16 IST" duration-ms="558" status="PASS">
          <reporter-output>
          </reporter-output>
        </test-method> <!-- teardown -->
      </class> <!-- com.qa.amazon.tests.LandingPageTest -->
    </test> <!-- Amazon Regression Test_LandingPage_Chrome -->
    <test started-at="2024-05-14T12:11:37 IST" name="Amazon Regression Test_LandingPage_Edge" finished-at="2024-05-14T12:12:43 IST" duration-ms="65887">
      <class name="com.qa.amazon.tests.SignInPageTest">
        <test-method is-config="true" signature="setup(java.lang.String)[pri:0, instance:com.qa.amazon.tests.SignInPageTest@7e351d7]" started-at="2024-05-14T12:12:34 IST" name="setup" finished-at="2024-05-14T12:12:41 IST" duration-ms="6818" status="PASS">
          <params>
            <param index="0">
              <value>
                <![CDATA[edge]]>
              </value>
            </param>
          </params>
          <reporter-output>
          </reporter-output>
        </test-method> <!-- setup -->
        <test-method signature="isSignInLogoDisplayedTest()[pri:0, instance:com.qa.amazon.tests.SignInPageTest@7e351d7]" started-at="2024-05-14T12:12:41 IST" name="isSignInLogoDisplayedTest" finished-at="2024-05-14T12:12:41 IST" duration-ms="205" status="PASS">
          <reporter-output>
          </reporter-output>
        </test-method> <!-- isSignInLogoDisplayedTest -->
        <test-method is-config="true" signature="teardown()[pri:0, instance:com.qa.amazon.tests.SignInPageTest@7e351d7]" started-at="2024-05-14T12:12:41 IST" name="teardown" finished-at="2024-05-14T12:12:43 IST" duration-ms="1718" status="PASS">
          <reporter-output>
          </reporter-output>
        </test-method> <!-- teardown -->
      </class> <!-- com.qa.amazon.tests.SignInPageTest -->
      <class name="com.qa.amazon.tests.LandingPageTest">
        <test-method is-config="true" signature="setup(java.lang.String)[pri:0, instance:com.qa.amazon.tests.LandingPageTest@2db1b657]" started-at="2024-05-14T12:11:37 IST" name="setup" finished-at="2024-05-14T12:11:58 IST" duration-ms="20642" status="PASS">
          <params>
            <param index="0">
              <value>
                <![CDATA[edge]]>
              </value>
            </param>
          </params>
          <reporter-output>
          </reporter-output>
        </test-method> <!-- setup -->
        <test-method signature="getLandingPageTitleTest()[pri:0, instance:com.qa.amazon.tests.LandingPageTest@2db1b657]" started-at="2024-05-14T12:11:58 IST" name="getLandingPageTitleTest" finished-at="2024-05-14T12:11:58 IST" duration-ms="515" status="PASS">
          <reporter-output>
          </reporter-output>
        </test-method> <!-- getLandingPageTitleTest -->
        <test-method is-config="true" signature="teardown()[pri:0, instance:com.qa.amazon.tests.LandingPageTest@2db1b657]" started-at="2024-05-14T12:11:58 IST" name="teardown" finished-at="2024-05-14T12:12:00 IST" duration-ms="1806" status="PASS">
          <reporter-output>
          </reporter-output>
        </test-method> <!-- teardown -->
        <test-method is-config="true" signature="setup(java.lang.String)[pri:0, instance:com.qa.amazon.tests.LandingPageTest@2db1b657]" started-at="2024-05-14T12:12:00 IST" name="setup" finished-at="2024-05-14T12:12:09 IST" duration-ms="8647" status="PASS">
          <params>
            <param index="0">
              <value>
                <![CDATA[edge]]>
              </value>
            </param>
          </params>
          <reporter-output>
          </reporter-output>
        </test-method> <!-- setup -->
        <test-method signature="getLandingPageURLTest()[pri:0, instance:com.qa.amazon.tests.LandingPageTest@2db1b657]" started-at="2024-05-14T12:12:09 IST" name="getLandingPageURLTest" finished-at="2024-05-14T12:12:09 IST" duration-ms="393" status="PASS">
          <reporter-output>
          </reporter-output>
        </test-method> <!-- getLandingPageURLTest -->
        <test-method is-config="true" signature="teardown()[pri:0, instance:com.qa.amazon.tests.LandingPageTest@2db1b657]" started-at="2024-05-14T12:12:09 IST" name="teardown" finished-at="2024-05-14T12:12:13 IST" duration-ms="3545" status="PASS">
          <reporter-output>
          </reporter-output>
        </test-method> <!-- teardown -->
        <test-method is-config="true" signature="setup(java.lang.String)[pri:0, instance:com.qa.amazon.tests.LandingPageTest@2db1b657]" started-at="2024-05-14T12:12:13 IST" name="setup" finished-at="2024-05-14T12:12:20 IST" duration-ms="7134" status="PASS">
          <params>
            <param index="0">
              <value>
                <![CDATA[edge]]>
              </value>
            </param>
          </params>
          <reporter-output>
          </reporter-output>
        </test-method> <!-- setup -->
        <test-method signature="verifyHelloSignInText()[pri:0, instance:com.qa.amazon.tests.LandingPageTest@2db1b657]" started-at="2024-05-14T12:12:20 IST" name="verifyHelloSignInText" finished-at="2024-05-14T12:12:20 IST" duration-ms="569" status="PASS">
          <reporter-output>
          </reporter-output>
        </test-method> <!-- verifyHelloSignInText -->
        <test-method is-config="true" signature="teardown()[pri:0, instance:com.qa.amazon.tests.LandingPageTest@2db1b657]" started-at="2024-05-14T12:12:20 IST" name="teardown" finished-at="2024-05-14T12:12:22 IST" duration-ms="1806" status="PASS">
          <reporter-output>
          </reporter-output>
        </test-method> <!-- teardown -->
        <test-method is-config="true" signature="setup(java.lang.String)[pri:0, instance:com.qa.amazon.tests.LandingPageTest@2db1b657]" started-at="2024-05-14T12:12:22 IST" name="setup" finished-at="2024-05-14T12:12:29 IST" duration-ms="7339" status="PASS">
          <params>
            <param index="0">
              <value>
                <![CDATA[edge]]>
              </value>
            </param>
          </params>
          <reporter-output>
          </reporter-output>
        </test-method> <!-- setup -->
        <test-method signature="verifySignInBtnTest()[pri:0, instance:com.qa.amazon.tests.LandingPageTest@2db1b657]" started-at="2024-05-14T12:12:29 IST" name="verifySignInBtnTest" finished-at="2024-05-14T12:12:30 IST" duration-ms="960" status="PASS">
          <reporter-output>
          </reporter-output>
        </test-method> <!-- verifySignInBtnTest -->
        <test-method is-config="true" signature="teardown()[pri:0, instance:com.qa.amazon.tests.LandingPageTest@2db1b657]" started-at="2024-05-14T12:12:30 IST" name="teardown" finished-at="2024-05-14T12:12:34 IST" duration-ms="3612" status="PASS">
          <reporter-output>
          </reporter-output>
        </test-method> <!-- teardown -->
      </class> <!-- com.qa.amazon.tests.LandingPageTest -->
    </test> <!-- Amazon Regression Test_LandingPage_Edge -->
  </suite> <!-- Amazon Regression Test Suite -->
</testng-results>
